<?xml version="1.0" encoding="UTF-8"?>
<!-- Generated by org.testng.reporters.JUnitReportReporter -->
<testsuite hostname="SABARI" failures="0" tests="4" name="login.Login" time="24.175" errors="0" timestamp="2022-07-29T13:15:05 CST" skipped="0">
  <testcase classname="login.Login" name="UserPassOk" time="4.795"/>
  <system-out/>
  <testcase classname="login.Login" name="UserPassOk" time="6.722"/>
  <system-out/>
  <testcase classname="login.Login" name="UserPassOk" time="6.046"/>
  <system-out/>
  <testcase classname="login.Login" name="UserPassOk" time="6.612"/>
  <system-out/>
</testsuite> <!-- login.Login -->
