<?xml version="1.0" encoding="UTF-8"?>
<!-- Generated by org.testng.reporters.JUnitReportReporter -->
<testsuite hostname="SABARI" failures="0" tests="4" name="login.Login1DataDriven" time="10.468" errors="0" timestamp="2022-07-29T17:32:27 CST" skipped="0">
  <testcase classname="login.Login1DataDriven" name="getExcelData" time="3.353"/>
  <system-out/>
  <testcase classname="login.Login1DataDriven" name="getExcelData" time="2.528"/>
  <system-out/>
  <testcase classname="login.Login1DataDriven" name="getExcelData" time="2.316"/>
  <system-out/>
  <testcase classname="login.Login1DataDriven" name="getExcelData" time="2.271"/>
  <system-out/>
</testsuite> <!-- login.Login1DataDriven -->
